The target system is: Generic - 3.3.99 - arm
The host system is: Windows - 10.0.22621 - AMD64
Compiling the C compiler identification source file "CMakeCCompilerId.c" succeeded.
Compiler: C:/ncs/toolchains/31f4403e35/opt/zephyr-sdk/arm-zephyr-eabi/bin/arm-zephyr-eabi-gcc.exe 
Build flags: 
Id flags: -c 

The output was:
0


Compilation of the C compiler identification source "CMakeCCompilerId.c" produced "CMakeCCompilerId.o"

The C compiler identification is GNU, found in "C:/ncs/v2.4.2/nrf/samples/matter/light_bulb/build/multiprotocol_rpmsg/CMakeFiles/3.20.5/CompilerIdC/CMakeCCompilerId.o"

Compiling the CXX compiler identification source file "CMakeCXXCompilerId.cpp" succeeded.
Compiler: C:/ncs/toolchains/31f4403e35/opt/zephyr-sdk/arm-zephyr-eabi/bin/arm-zephyr-eabi-gcc.exe 
Build flags: 
Id flags: -c 

The output was:
0


Compilation of the CXX compiler identification source "CMakeCXXCompilerId.cpp" produced "CMakeCXXCompilerId.o"

The CXX compiler identification is GNU, found in "C:/ncs/v2.4.2/nrf/samples/matter/light_bulb/build/multiprotocol_rpmsg/CMakeFiles/3.20.5/CompilerIdCXX/CMakeCXXCompilerId.o"

Checking whether the ASM compiler is GNU using "--version" matched "(GNU assembler)|(GCC)|(Free Software Foundation)":
arm-zephyr-eabi-gcc.exe (Zephyr SDK 0.16.0) 12.2.0
Copyright (C) 2022 Free Software Foundation, Inc.
This is free software; see the source for copying conditions.  There is NO
warranty; not even for MERCHANTABILITY or FITNESS FOR A PARTICULAR PURPOSE.

Performing C SOURCE FILE Test check_C__nostartfiles__nostdlib__isystem__c__ncs_toolchains_31f4403e35_opt_zephyr_sdk_arm_zephyr_eabi_bin____lib_gcc_arm_zephyr_eabi_12_2_0_include___isystem__c__ncs_toolchains_31f4403e35_opt_zephyr_sdk_arm_zephyr_eabi_bin____lib_gcc_arm_zephyr_eabi_12_2_0_include_fixed___Wl___unresolved_symbols_ignore_in_object_files__Wl___entry_0__mcpu_cortex_m33_nodsp__mthumb__mabi_aapcs succeeded with the following output:
Change Dir: C:/ncs/v2.4.2/nrf/samples/matter/light_bulb/build/multiprotocol_rpmsg/CMakeFiles/CMakeTmp

Run Build Command(s):C:/ncs/toolchains/31f4403e35/opt/bin/ninja.exe cmTC_bd47f && [1/2] Building C object CMakeFiles/cmTC_bd47f.dir/src.c.obj
[2/2] Linking C executable cmTC_bd47f


Source file was:
int main(void) { return 0; }
Performing C SOURCE FILE Test check_fmacro_prefix_map_C__ncs_v2_4_2_nrf_samples_nrf5340_multiprotocol_rpmsg_CMAKE_SOURCE_DIR_C__nostartfiles__nostdlib__isystem__c__ncs_toolchains_31f4403e35_opt_zephyr_sdk_arm_zephyr_eabi_bin____lib_gcc_arm_zephyr_eabi_12_2_0_include___isystem__c__ncs_toolchains_31f4403e35_opt_zephyr_sdk_arm_zephyr_eabi_bin____lib_gcc_arm_zephyr_eabi_12_2_0_include_fixed___Wl___unresolved_symbols_ignore_in_object_files__Wl___entry_0 succeeded with the following output:
Change Dir: C:/ncs/v2.4.2/nrf/samples/matter/light_bulb/build/multiprotocol_rpmsg/CMakeFiles/CMakeTmp

Run Build Command(s):C:/ncs/toolchains/31f4403e35/opt/bin/ninja.exe cmTC_dbd4a && [1/2] Building C object CMakeFiles/cmTC_dbd4a.dir/src.c.obj
[2/2] Linking C executable cmTC_dbd4a


Source file was:
int main(void) { return 0; }
Determining if files stdatomic.h exist passed with the following output:
Change Dir: C:/ncs/v2.4.2/nrf/samples/matter/light_bulb/build/multiprotocol_rpmsg/CMakeFiles/CMakeTmp

Run Build Command(s):C:/ncs/toolchains/31f4403e35/opt/bin/ninja.exe cmTC_bac6a && [1/2] Building C object CMakeFiles/cmTC_bac6a.dir/HAVE_STDATOMIC_H.c.obj
[2/2] Linking C executable cmTC_bac6a
arm-zephyr-eabi-gcc.exe: warning: CMakeFiles/cmTC_bac6a.dir/HAVE_STDATOMIC_H.c.obj: linker input file unused because linking not done



Determining if files fcntl.h exist passed with the following output:
Change Dir: C:/ncs/v2.4.2/nrf/samples/matter/light_bulb/build/multiprotocol_rpmsg/CMakeFiles/CMakeTmp

Run Build Command(s):C:/ncs/toolchains/31f4403e35/opt/bin/ninja.exe cmTC_60df7 && [1/2] Building C object CMakeFiles/cmTC_60df7.dir/HAVE_FCNTL_H.c.obj
[2/2] Linking C executable cmTC_60df7
arm-zephyr-eabi-gcc.exe: warning: CMakeFiles/cmTC_60df7.dir/HAVE_FCNTL_H.c.obj: linker input file unused because linking not done



Performing C SOURCE FILE Test check_C__c__nostartfiles__nostdlib__isystem__c__ncs_toolchains_31f4403e35_opt_zephyr_sdk_arm_zephyr_eabi_bin____lib_gcc_arm_zephyr_eabi_12_2_0_include___isystem__c__ncs_toolchains_31f4403e35_opt_zephyr_sdk_arm_zephyr_eabi_bin____lib_gcc_arm_zephyr_eabi_12_2_0_include_fixed___Wl___unresolved_symbols_ignore_in_object_files__Wl___entry_0__mcpu_cortex_m33_nodsp__mthumb__mabi_aapcs succeeded with the following output:
Change Dir: C:/ncs/v2.4.2/nrf/samples/matter/light_bulb/build/multiprotocol_rpmsg/CMakeFiles/CMakeTmp

Run Build Command(s):C:/ncs/toolchains/31f4403e35/opt/bin/ninja.exe cmTC_d4788 && [1/2] Building C object CMakeFiles/cmTC_d4788.dir/src.c.obj
[2/2] Linking C executable cmTC_d4788
arm-zephyr-eabi-gcc.exe: warning: CMakeFiles/cmTC_d4788.dir/src.c.obj: linker input file unused because linking not done


Source file was:
int main(void) { return 0; }
Performing C SOURCE FILE Test check_fmacro_prefix_map_C__ncs_v2_4_2_nrf_samples_nrf5340_multiprotocol_rpmsg_CMAKE_SOURCE_DIR_C__c__nostartfiles__nostdlib__isystem__c__ncs_toolchains_31f4403e35_opt_zephyr_sdk_arm_zephyr_eabi_bin____lib_gcc_arm_zephyr_eabi_12_2_0_include___isystem__c__ncs_toolchains_31f4403e35_opt_zephyr_sdk_arm_zephyr_eabi_bin____lib_gcc_arm_zephyr_eabi_12_2_0_include_fixed___Wl___unresolved_symbols_ignore_in_object_files__Wl___entry_0 succeeded with the following output:
Change Dir: C:/ncs/v2.4.2/nrf/samples/matter/light_bulb/build/multiprotocol_rpmsg/CMakeFiles/CMakeTmp

Run Build Command(s):C:/ncs/toolchains/31f4403e35/opt/bin/ninja.exe cmTC_c4538 && [1/2] Building C object CMakeFiles/cmTC_c4538.dir/src.c.obj
[2/2] Linking C executable cmTC_c4538
arm-zephyr-eabi-gcc.exe: warning: CMakeFiles/cmTC_c4538.dir/src.c.obj: linker input file unused because linking not done


Source file was:
int main(void) { return 0; }
